<?xml version="1.0" encoding="UTF-8"?>
<testng-results ignored="0" total="1" passed="1" failed="0" skipped="0">
  <reporter-output>
  </reporter-output>
  <suite started-at="2021-08-04T17:11:45 IST" name="Suite" finished-at="2021-08-04T17:12:09 IST" duration-ms="24071">
    <groups>
    </groups>
    <test started-at="2021-08-04T17:11:45 IST" name="Android" finished-at="2021-08-04T17:12:09 IST" duration-ms="24071">
      <class name="Tests.NotSinedInPage">
        <test-method is-config="true" signature="setupDriver(java.lang.String, java.lang.String, java.lang.String, java.lang.String)[pri:0, instance:Tests.NotSinedInPage@7e5afaa6]" started-at="2021-08-04T17:11:45 IST" name="setupDriver" finished-at="2021-08-04T17:12:09 IST" duration-ms="24010" status="PASS">
          <params>
            <param index="0">
              <value>
                <![CDATA[Android]]>
              </value>
            </param>
            <param index="1">
              <value>
                <![CDATA[11]]>
              </value>
            </param>
            <param index="2">
              <value>
                <![CDATA[fb7713bd98fb]]>
              </value>
            </param>
            <param index="3">
              <value>
                <![CDATA[Mi A3]]>
              </value>
            </param>
          </params>
          <reporter-output>
          </reporter-output>
        </test-method> <!-- setupDriver -->
        <test-method signature="notSignedInPage()[pri:0, instance:Tests.NotSinedInPage@7e5afaa6]" started-at="2021-08-04T17:12:09 IST" name="notSignedInPage" finished-at="2021-08-04T17:12:09 IST" duration-ms="8" status="PASS">
          <reporter-output>
          </reporter-output>
        </test-method> <!-- notSignedInPage -->
        <test-method is-config="true" signature="tearDown()[pri:0, instance:Tests.NotSinedInPage@7e5afaa6]" started-at="2021-08-04T17:12:09 IST" name="tearDown" finished-at="2021-08-04T17:12:10 IST" duration-ms="1140" status="PASS">
          <reporter-output>
          </reporter-output>
        </test-method> <!-- tearDown -->
      </class> <!-- Tests.NotSinedInPage -->
    </test> <!-- Android -->
  </suite> <!-- Suite -->
</testng-results>
